Base path: C:/Program Files/Unity/Hub/Editor/2018.2.15f1/Editor/Data
Cmd: initializeCompiler
Cmd: compileComputeKernel
  api=4 insize=2059 outsize=349 ok=1
Cmd: compileComputeKernel
  api=4 insize=2780 outsize=48145 ok=1
Cmd: compileComputeKernel
  api=4 insize=7330 outsize=9677 ok=1
Cmd: compileComputeKernel
  api=4 insize=5004 outsize=9129 ok=1
Cmd: compileComputeKernel
  api=4 insize=9166 outsize=8765 ok=1
Cmd: compileComputeKernel
  api=4 insize=1454 outsize=1461 ok=1
Cmd: compileComputeKernel
  api=4 insize=16784 outsize=5425 ok=1
Cmd: compileComputeKernel
  api=4 insize=16784 outsize=6817 ok=1
Cmd: compileComputeKernel
  api=4 insize=16784 outsize=5929 ok=1
Cmd: compileComputeKernel
  api=4 insize=16784 outsize=7321 ok=1
Cmd: compileComputeKernel
  api=4 insize=16784 outsize=7485 ok=1
Cmd: compileComputeKernel
  api=4 insize=16784 outsize=9453 ok=1
Cmd: compileComputeKernel
  api=4 insize=16784 outsize=8317 ok=1
Cmd: compileComputeKernel
  api=4 insize=16784 outsize=9977 ok=1
Cmd: compileComputeKernel
  api=4 insize=16784 outsize=8345 ok=1
Cmd: compileComputeKernel
  api=4 insize=16784 outsize=8461 ok=1
Cmd: compileComputeKernel
  api=4 insize=16784 outsize=8501 ok=1
Cmd: compileComputeKernel
  api=4 insize=16784 outsize=10469 ok=1
Cmd: compileComputeKernel
  api=4 insize=16784 outsize=8805 ok=1
Cmd: compileComputeKernel
  api=4 insize=16784 outsize=10245 ok=1
Cmd: initializeCompiler
Unhandled exception: Protocol error - unexpected end of data (did the Editor crash?)

Quitting shader compiler process
